<?xml version="1.0" encoding="UTF-8"?>
<coverage generated="1583888884157" clover="3.2.0">
  <project timestamp="1583888884157" name="All files">
    <metrics statements="21" coveredstatements="17" conditionals="14" coveredconditionals="12" methods="7" coveredmethods="5" elements="42" coveredelements="34" complexity="0" loc="21" ncloc="21" packages="1" files="3" classes="3"/>
    <file name="Entity.ts" path="/Users/dougmolina/Apps/projects/stablepay/StablePayJS/src/core/Entity.ts">
      <metrics statements="9" coveredstatements="9" conditionals="8" coveredconditionals="8" methods="2" coveredmethods="2"/>
      <line num="3" count="1" type="stmt"/>
      <line num="4" count="12" type="stmt"/>
      <line num="7" count="7" type="cond" truecount="4" falsecount="0"/>
      <line num="8" count="1" type="stmt"/>
      <line num="11" count="6" type="cond" truecount="2" falsecount="0"/>
      <line num="12" count="1" type="stmt"/>
      <line num="15" count="5" type="cond" truecount="2" falsecount="0"/>
      <line num="16" count="1" type="stmt"/>
      <line num="19" count="4" type="stmt"/>
    </file>
    <file name="Identifier.ts" path="/Users/dougmolina/Apps/projects/stablepay/StablePayJS/src/core/Identifier.ts">
      <metrics statements="9" coveredstatements="5" conditionals="6" coveredconditionals="4" methods="4" coveredmethods="2"/>
      <line num="1" count="1" type="stmt"/>
      <line num="2" count="8" type="stmt"/>
      <line num="5" count="4" type="cond" truecount="3" falsecount="1"/>
      <line num="6" count="0" type="stmt"/>
      <line num="8" count="4" type="cond" truecount="1" falsecount="1"/>
      <line num="9" count="0" type="stmt"/>
      <line num="11" count="4" type="stmt"/>
      <line num="15" count="0" type="stmt"/>
      <line num="19" count="0" type="stmt"/>
    </file>
    <file name="UniqueEntityID.ts" path="/Users/dougmolina/Apps/projects/stablepay/StablePayJS/src/core/UniqueEntityID.ts">
      <metrics statements="3" coveredstatements="3" conditionals="0" coveredconditionals="0" methods="1" coveredmethods="1"/>
      <line num="1" count="1" type="stmt"/>
      <line num="3" count="1" type="stmt"/>
      <line num="5" count="8" type="stmt"/>
    </file>
  </project>
</coverage>
