TN:
SF:src/core/Entity.ts
FN:4,(anonymous_0)
FN:6,(anonymous_1)
FNF:2
FNH:2
FNDA:12,(anonymous_0)
FNDA:7,(anonymous_1)
DA:3,1
DA:4,12
DA:7,7
DA:8,1
DA:11,6
DA:12,1
DA:15,5
DA:16,1
DA:19,4
LF:9
LH:9
BRDA:7,0,0,1
BRDA:7,0,1,6
BRDA:7,1,0,7
BRDA:7,1,1,7
BRDA:11,2,0,1
BRDA:11,2,1,5
BRDA:15,3,0,1
BRDA:15,3,1,4
BRF:8
BRH:8
end_of_record
TN:
SF:src/core/Identifier.ts
FN:2,(anonymous_0)
FN:4,(anonymous_1)
FN:14,(anonymous_2)
FN:18,(anonymous_3)
FNF:4
FNH:2
FNDA:8,(anonymous_0)
FNDA:4,(anonymous_1)
FNDA:0,(anonymous_2)
FNDA:0,(anonymous_3)
DA:1,1
DA:2,8
DA:5,4
DA:6,0
DA:8,4
DA:9,0
DA:11,4
DA:15,0
DA:19,0
LF:9
LH:5
BRDA:5,0,0,0
BRDA:5,0,1,4
BRDA:5,1,0,4
BRDA:5,1,1,4
BRDA:8,2,0,0
BRDA:8,2,1,4
BRF:6
BRH:4
end_of_record
TN:
SF:src/core/UniqueEntityID.ts
FN:4,(anonymous_0)
FNF:1
FNH:1
FNDA:8,(anonymous_0)
DA:1,1
DA:3,1
DA:5,8
LF:3
LH:3
BRF:0
BRH:0
end_of_record
